# JRE version: OpenJDK Runtime Environment (25.0.2) (build 25.0.2+-15348964-b329.117)
# Java VM: OpenJDK 64-Bit Server VM (25.0.2+-15348964-b329.117, mixed mode, tiered, compressed oops, compressed class ptrs, g1 gc, windows-amd64)
GC Precious Log:
 CardTable entry size: 512
 Card Set container configuration: InlinePtr #cards 5 size 8 Array Of Cards #cards 10 size 36 Howl #buckets 4 coarsen threshold 1843 Howl Bitmap #cards 512 size 80 coarsen threshold 460 Card regions per heap region 1 cards per card region 2048
 CPUs: 16 total, 16 available
 Memory: 5981M
 Large Page Support: Disabled
 NUMA Support: Disabled
 Compressed Oops: Enabled (32-bit)
 Heap Region Size: 1M
 Heap Min Capacity: 8M
 Heap Initial Capacity: 94M
 Heap Max Capacity: 2G
 Pre-touch: Disabled
 Parallel Workers: 13
 Concurrent Workers: 3
 Concurrent Refinement Workers: 13
 Periodic GC: Disabled
Heap:
 garbage-first heap   total reserved 2097152K, committed 227328K, used 221062K [0x0000000080000000, 0x0000000100000000)
  region size 1024K, 89 young (91136K), 4 survivors (4096K)
GC Heap Usage History (20 events):
Event: 17.098 {heap Before GC invocations=29 (full 0):
 garbage-first heap   total reserved 2097152K, committed 138240K, used 128916K [0x0000000080000000, 0x0000000100000000)
  region size 1024K, 37 young (37888K), 6 survivors (6144K)
}
Event: 17.105 {heap After GC invocations=30 (full 0):
 garbage-first heap   total reserved 2097152K, committed 142336K, used 99852K [0x0000000080000000, 0x0000000100000000)
  region size 1024K, 4 young (4096K), 4 survivors (4096K)
}
Event: 17.786 {heap Before GC invocations=30 (full 0):
 garbage-first heap   total reserved 2097152K, committed 142336K, used 128524K [0x0000000080000000, 0x0000000100000000)
  region size 1024K, 33 young (33792K), 4 survivors (4096K)
}
Event: 17.791 {heap After GC invocations=31 (full 0):
 garbage-first heap   total reserved 2097152K, committed 142336K, used 100413K [0x0000000080000000, 0x0000000100000000)
  region size 1024K, 1 young (1024K), 1 survivors (1024K)
}
Event: 18.432 {heap Before GC invocations=32 (full 0):
 garbage-first heap   total reserved 2097152K, committed 168960K, used 131133K [0x0000000080000000, 0x0000000100000000)
  region size 1024K, 32 young (32768K), 1 survivors (1024K)
}
Event: 18.436 {heap After GC invocations=33 (full 0):
 garbage-first heap   total reserved 2097152K, committed 168960K, used 101127K [0x0000000080000000, 0x0000000100000000)
  region size 1024K, 2 young (2048K), 2 survivors (2048K)
}
Event: 19.503 {heap Before GC invocations=33 (full 0):
 garbage-first heap   total reserved 2097152K, committed 168960K, used 156423K [0x0000000080000000, 0x0000000100000000)
  region size 1024K, 55 young (56320K), 2 survivors (2048K)
}
Event: 19.511 {heap After GC invocations=34 (full 0):
 garbage-first heap   total reserved 2097152K, committed 168960K, used 103755K [0x0000000080000000, 0x0000000100000000)
  region size 1024K, 4 young (4096K), 4 survivors (4096K)
}
Event: 20.389 {heap Before GC invocations=34 (full 0):
 garbage-first heap   total reserved 2097152K, committed 168960K, used 145739K [0x0000000080000000, 0x0000000100000000)
  region size 1024K, 46 young (47104K), 4 survivors (4096K)
}
Event: 20.399 {heap After GC invocations=35 (full 0):
 garbage-first heap   total reserved 2097152K, committed 168960K, used 107745K [0x0000000080000000, 0x0000000100000000)
  region size 1024K, 8 young (8192K), 8 survivors (8192K)
}
Event: 21.265 {heap Before GC invocations=36 (full 0):
 garbage-first heap   total reserved 2097152K, committed 188416K, used 162017K [0x0000000080000000, 0x0000000100000000)
  region size 1024K, 56 young (57344K), 8 survivors (8192K)
}
Event: 21.277 {heap After GC invocations=37 (full 0):
 garbage-first heap   total reserved 2097152K, committed 188416K, used 113006K [0x0000000080000000, 0x0000000100000000)
  region size 1024K, 5 young (5120K), 5 survivors (5120K)
}
Event: 22.405 {heap Before GC invocations=37 (full 0):
 garbage-first heap   total reserved 2097152K, committed 188416K, used 170350K [0x0000000080000000, 0x0000000100000000)
  region size 1024K, 61 young (62464K), 5 survivors (5120K)
}
Event: 22.415 {heap After GC invocations=38 (full 0):
 garbage-first heap   total reserved 2097152K, committed 226304K, used 117531K [0x0000000080000000, 0x0000000100000000)
  region size 1024K, 6 young (6144K), 6 survivors (6144K)
}
Event: 23.792 {heap Before GC invocations=38 (full 0):
 garbage-first heap   total reserved 2097152K, committed 226304K, used 186139K [0x0000000080000000, 0x0000000100000000)
  region size 1024K, 73 young (74752K), 6 survivors (6144K)
}
Event: 23.801 {heap After GC invocations=39 (full 0):
 garbage-first heap   total reserved 2097152K, committed 226304K, used 119792K [0x0000000080000000, 0x0000000100000000)
  region size 1024K, 8 young (8192K), 8 survivors (8192K)
}
Event: 25.703 {heap Before GC invocations=39 (full 0):
 garbage-first heap   total reserved 2097152K, committed 226304K, used 205808K [0x0000000080000000, 0x0000000100000000)
  region size 1024K, 92 young (94208K), 8 survivors (8192K)
}
Event: 25.713 {heap After GC invocations=40 (full 0):
 garbage-first heap   total reserved 2097152K, committed 226304K, used 122656K [0x0000000080000000, 0x0000000100000000)
  region size 1024K, 6 young (6144K), 6 survivors (6144K)
}
Event: 26.256 {heap Before GC invocations=40 (full 0):
 garbage-first heap   total reserved 2097152K, committed 226304K, used 151328K [0x0000000080000000, 0x0000000100000000)
  region size 1024K, 35 young (35840K), 6 survivors (6144K)
}
Event: 26.265 {heap After GC invocations=41 (full 0):
 garbage-first heap   total reserved 2097152K, committed 226304K, used 123782K [0x0000000080000000, 0x0000000100000000)
  region size 1024K, 7 young (7168K), 7 survivors (7168K)
}

